#
# A fatal error has been detected by the Java Runtime Environment:
#
#  EXCEPTION_ACCESS_VIOLATION (0xc0000005) at pc=0x000000006a5f81cb, pid=10620, tid=7804
#
# JRE version: 7.0_25-b17
# Java VM: Java HotSpot(TM) 64-Bit Server VM (23.25-b01 mixed mode windows-amd64 compressed oops)
# Problematic frame:
# V  [jvm.dll+0x1181cb]
#
# Failed to write core dump. Minidumps are not enabled by default on client versions of Windows
#
# If you would like to submit a bug report, please visit:
#   http://bugreport.sun.com/bugreport/crash.jsp
#

---------------  T H R E A D  ---------------

Current thread (0x000000000b46d000):  JavaThread "JDWP Transport Listener: dt_socket" daemon [_thread_in_vm, id=7804, stack(0x000000000da70000,0x000000000db70000)]

siginfo: ExceptionCode=0xc0000005, reading address 0xffffffffffffffff

Registers:
RAX=0x000000000db6f501, RBX=0x000000000b46d000, RCX=0x3b72656469766f72, RDX=0x0000000000000000
RSP=0x000000000db6f4d0, RBP=0x3b72656469766f72, RSI=0x000000000db6f5e8, RDI=0x0000000001ef7220
R8 =0x000000000b46d000, R9 =0x000000000000ff00, R10=0x0000000000000000, R11=0x000000000db6f776
R12=0x0000000000000000, R13=0x0000000000000000, R14=0x0000000000000000, R15=0x0000000000000000
RIP=0x000000006a5f81cb, EFLAGS=0x0000000000010206

Top of Stack: (sp=0x000000000db6f4d0)
0x000000000db6f4d0:   000000000b46d000 0000000000000003
0x000000000db6f4e0:   000000000db6f598 000000006a779649
0x000000000db6f4f0:   000000000b46d000 000000006a795012
0x000000000db6f500:   0000000000000000 000000006b418e7d
0x000000000db6f510:   000000000b3fab58 000000006b42264e
0x000000000db6f520:   000000000b46d000 0000000000000000
0x000000000db6f530:   0000000000000000 0000000000000000
0x000000000db6f540:   3b72656469766f72 000000006b421745
0x000000000db6f550:   000000000db6f5e8 000000000db6f5c0
0x000000000db6f560:   0000000000000001 000000000b3fab58
0x000000000db6f570:   3b72656469766f72 000000006b4053b3
0x000000000db6f580:   000000000db6f6b0 0000000000000001
0x000000000db6f590:   0000000000000001 000000000b3fab58
0x000000000db6f5a0:   0000000000000009 0000000000000000
0x000000000db6f5b0:   0000000000000000 0000000000000000
0x000000000db6f5c0:   0000000000000001 000000006b405571 

Instructions: (pc=0x000000006a5f81cb)
0x000000006a5f81ab:   48 8b 5c 24 30 48 89 47 18 48 83 c4 20 5f c3 cc
0x000000006a5f81bb:   cc cc cc cc cc 40 53 48 83 ec 20 48 85 c9 74 54
0x000000006a5f81cb:   48 8b 19 48 85 db 74 4c 48 b8 fe fe fe fe fe fe
0x000000006a5f81db:   fe fe 48 3b d8 74 3d 80 3d af 4b 58 00 00 74 15 


Register to memory mapping:

RAX=0x000000000db6f501 is pointing into the stack for thread: 0x000000000b46d000
RBX=0x000000000b46d000 is a thread
RCX=0x3b72656469766f72 is an unknown value
RDX=0x0000000000000000 is an unknown value
RSP=0x000000000db6f4d0 is pointing into the stack for thread: 0x000000000b46d000
RBP=0x3b72656469766f72 is an unknown value
RSI=0x000000000db6f5e8 is pointing into the stack for thread: 0x000000000b46d000
RDI=0x0000000001ef7220 is an unknown value
R8 =0x000000000b46d000 is a thread
R9 =0x000000000000ff00 is an unknown value
R10=0x0000000000000000 is an unknown value
R11=0x000000000db6f776 is pointing into the stack for thread: 0x000000000b46d000
R12=0x0000000000000000 is an unknown value
R13=0x0000000000000000 is an unknown value
R14=0x0000000000000000 is an unknown value
R15=0x0000000000000000 is an unknown value


Stack: [0x000000000da70000,0x000000000db70000],  sp=0x000000000db6f4d0,  free space=1021k
Native frames: (J=compiled Java code, j=interpreted, Vv=VM code, C=native code)
V  [jvm.dll+0x1181cb]


---------------  P R O C E S S  ---------------

Java Threads: ( => current thread )
  0x000000000b495000 JavaThread "Service Thread" daemon [_thread_blocked, id=2388, stack(0x000000000df70000,0x000000000e070000)]
  0x000000000b494000 JavaThread "C2 CompilerThread1" daemon [_thread_blocked, id=11204, stack(0x000000000de70000,0x000000000df70000)]
  0x000000000b493800 JavaThread "C2 CompilerThread0" daemon [_thread_blocked, id=4288, stack(0x000000000dd70000,0x000000000de70000)]
  0x000000000b47f000 JavaThread "JDWP Command Reader" daemon [_thread_in_native, id=10644, stack(0x000000000dc70000,0x000000000dd70000)]
  0x000000000b47e800 JavaThread "JDWP Event Helper Thread" daemon [_thread_blocked, id=9716, stack(0x000000000db70000,0x000000000dc70000)]
=>0x000000000b46d000 JavaThread "JDWP Transport Listener: dt_socket" daemon [_thread_in_vm, id=7804, stack(0x000000000da70000,0x000000000db70000)]
  0x000000000b46a800 JavaThread "Attach Listener" daemon [_thread_blocked, id=4912, stack(0x000000000d590000,0x000000000d690000)]
  0x000000000b465800 JavaThread "Signal Dispatcher" daemon [_thread_blocked, id=6104, stack(0x000000000d490000,0x000000000d590000)]
  0x000000000b400800 JavaThread "Finalizer" daemon [_thread_blocked, id=10728, stack(0x000000000d390000,0x000000000d490000)]
  0x000000000b3f9800 JavaThread "Reference Handler" daemon [_thread_blocked, id=8028, stack(0x000000000d290000,0x000000000d390000)]
  0x0000000001efe000 JavaThread "main" [_thread_blocked, id=9772, stack(0x0000000001dd0000,0x0000000001ed0000)]

Other Threads:
  0x000000000b3f3800 VMThread [stack: 0x000000000d190000,0x000000000d290000] [id=5852]
  0x000000000e088800 WatcherThread [stack: 0x000000000e470000,0x000000000e570000] [id=8876]

VM state:not at safepoint (normal execution)

VM Mutex/Monitor currently owned by a thread: None

Heap
 PSYoungGen      total 38080K, used 1308K [0x00000007d58b0000, 0x00000007d8320000, 0x0000000800000000)
  eden space 32704K, 4% used [0x00000007d58b0000,0x00000007d59f7128,0x00000007d78a0000)
  from space 5376K, 0% used [0x00000007d7de0000,0x00000007d7de0000,0x00000007d8320000)
  to   space 5376K, 0% used [0x00000007d78a0000,0x00000007d78a0000,0x00000007d7de0000)
 ParOldGen       total 86912K, used 0K [0x0000000780a00000, 0x0000000785ee0000, 0x00000007d58b0000)
  object space 86912K, 0% used [0x0000000780a00000,0x0000000780a00000,0x0000000785ee0000)
 PSPermGen       total 21248K, used 2503K [0x000000077b800000, 0x000000077ccc0000, 0x0000000780a00000)
  object space 21248K, 11% used [0x000000077b800000,0x000000077ba71cc8,0x000000077ccc0000)

Card table byte_map: [0x00000000050c0000,0x00000000054f0000] byte_map_base: 0x00000000014e4000

Polling page: 0x0000000000680000

Code Cache  [0x0000000002000000, 0x0000000002270000, 0x0000000005000000)
 total_blobs=157 nmethods=0 adapters=132 free_code_cache=48777Kb largest_free_block=49947968

Compilation events (0 events):
No events

GC Heap History (0 events):
No events

Deoptimization events (0 events):
No events

Internal exceptions (2 events):
Event: 0.028 Thread 0x0000000001efe000 Threw 0x00000007d58b61b0 at C:\jdk7u2_64p\jdk7u25\hotspot\src\share\vm\prims\jni.cpp:3994
Event: 0.119 Thread 0x0000000001efe000 Threw 0x00000007d58fdab8 at C:\jdk7u2_64p\jdk7u25\hotspot\src\share\vm\prims\jvm.cpp:1235

Events (10 events):
Event: 146.871 Executing VM operation: GetCurrentLocation
Event: 146.871 Executing VM operation: GetCurrentLocation done
Event: 146.871 Executing VM operation: ChangeSingleStep
Event: 146.871 Executing VM operation: ChangeSingleStep done
Event: 146.871 Executing VM operation: ChangeSingleStep
Event: 146.871 Executing VM operation: ChangeSingleStep done
Event: 159.921 Executing VM operation: RedefineClasses
Event: 159.921 Executing VM operation: RedefineClasses done
Event: 167.136 Executing VM operation: RedefineClasses
Event: 167.136 Executing VM operation: RedefineClasses done


Dynamic libraries:
0x000007f75c290000 - 0x000007f75c2c3000 	C:\Program Files\Java\jre7\bin\javaw.exe
0x000007f889720000 - 0x000007f8898e0000 	C:\Windows\SYSTEM32\ntdll.dll
0x000007f887a80000 - 0x000007f887bb6000 	C:\Windows\system32\KERNEL32.DLL
0x000007f886950000 - 0x000007f886a43000 	C:\Windows\system32\KERNELBASE.dll
0x000007f8876d0000 - 0x000007f8877ae000 	C:\Windows\system32\ADVAPI32.dll
0x000007f8893d0000 - 0x000007f88951c000 	C:\Windows\system32\USER32.dll
0x000007f883f20000 - 0x000007f88418a000 	C:\Windows\WinSxS\amd64_microsoft.windows.common-controls_6595b64144ccf1df_6.0.9200.16579_none_418ab7ef718b27ef\COMCTL32.dll
0x000007f886d50000 - 0x000007f886df5000 	C:\Windows\system32\msvcrt.dll
0x000007f889530000 - 0x000007f889578000 	C:\Windows\SYSTEM32\sechost.dll
0x000007f887e70000 - 0x000007f887fb5000 	C:\Windows\system32\RPCRT4.dll
0x000007f886bb0000 - 0x000007f886cf1000 	C:\Windows\system32\GDI32.dll
0x000007f887a40000 - 0x000007f887a79000 	C:\Windows\system32\IMM32.DLL
0x000007f887fc0000 - 0x000007f8880d5000 	C:\Windows\system32\MSCTF.dll
0x000000006b5d0000 - 0x000000006b6a1000 	C:\Program Files\Java\jre7\bin\msvcr100.dll
0x000000006a4e0000 - 0x000000006abef000 	C:\Program Files\Java\jre7\bin\server\jvm.dll
0x000007f87c240000 - 0x000007f87c249000 	C:\Windows\SYSTEM32\WSOCK32.dll
0x000007f881bf0000 - 0x000007f881c10000 	C:\Windows\SYSTEM32\WINMM.dll
0x000007f887e60000 - 0x000007f887e67000 	C:\Windows\system32\PSAPI.DLL
0x000007f887440000 - 0x000007f887498000 	C:\Windows\system32\WS2_32.dll
0x000007f881bb0000 - 0x000007f881be2000 	C:\Windows\SYSTEM32\WINMMBASE.dll
0x000007f889520000 - 0x000007f889529000 	C:\Windows\system32\NSI.dll
0x000000006b5c0000 - 0x000000006b5cf000 	C:\Program Files\Java\jre7\bin\verify.dll
0x000000006b590000 - 0x000000006b5b8000 	C:\Program Files\Java\jre7\bin\java.dll
0x000000006b400000 - 0x000000006b435000 	C:\Program Files\Java\jre7\bin\jdwp.dll
0x000000006b3f0000 - 0x000000006b3f8000 	C:\Program Files\Java\jre7\bin\npt.dll
0x000000006b570000 - 0x000000006b585000 	C:\Program Files\Java\jre7\bin\zip.dll
0x000000006b3e0000 - 0x000000006b3e9000 	C:\Program Files\Java\jre7\bin\dt_socket.dll
0x000007f87c720000 - 0x000007f87c734000 	C:\Windows\system32\napinsp.dll
0x000007f87c890000 - 0x000007f87c8a8000 	C:\Windows\system32\pnrpnsp.dll
0x000007f884ca0000 - 0x000007f884cb6000 	C:\Windows\system32\NLAapi.dll
0x000007f885e10000 - 0x000007f885e6c000 	C:\Windows\System32\mswsock.dll
0x000007f885c50000 - 0x000007f885ce8000 	C:\Windows\SYSTEM32\DNSAPI.dll
0x000007f87c740000 - 0x000007f87c752000 	C:\Windows\System32\winrnr.dll
0x000007f87c760000 - 0x000007f87c774000 	C:\Windows\system32\wshbth.dll
0x000007f881a90000 - 0x000007f881aef000 	C:\Windows\System32\fwpuclnt.dll
0x000007f87f510000 - 0x000007f87f518000 	C:\Windows\System32\rasadhlp.dll
0x000007f884380000 - 0x000007f8844e3000 	C:\Windows\SYSTEM32\dbghelp.dll

VM Arguments:
jvm_args: -agentlib:jdwp=transport=dt_socket,suspend=y,address=localhost:64656 -Dfile.encoding=Cp1252 
java_command: test.Q31CoinSums
Launcher Type: SUN_STANDARD

Environment Variables:
PATH=C:\Program Files (x86)\Intel\iCLS Client\;C:\Program Files\Intel\iCLS Client\;C:\Program Files (x86)\NVIDIA Corporation\PhysX\Common;C:\Windows\system32;C:\Windows;C:\Windows\System32\Wbem;C:\Windows\System32\WindowsPowerShell\v1.0\;C:\Program Files\Intel\Intel(R) Management Engine Components\DAL;C:\Program Files\Intel\Intel(R) Management Engine Components\IPT;C:\Program Files (x86)\Intel\Intel(R) Management Engine Components\DAL;C:\Program Files (x86)\Intel\Intel(R) Management Engine Components\IPT;C:\cygwin64\bin
USERNAME=Garrett
OS=Windows_NT
PROCESSOR_IDENTIFIER=Intel64 Family 6 Model 58 Stepping 9, GenuineIntel



---------------  S Y S T E M  ---------------

OS: Windows 8 , 64 bit Build 9200 

CPU:total 8 (4 cores per cpu, 2 threads per core) family 6 model 58 stepping 9, cmov, cx8, fxsr, mmx, sse, sse2, sse3, ssse3, sse4.1, sse4.2, popcnt, avx, ht, tsc, tscinvbit, tscinv

Memory: 4k page, physical 8340444k(4540892k free), swap 13059036k(7865540k free)

vm_info: Java HotSpot(TM) 64-Bit Server VM (23.25-b01) for windows-amd64 JRE (1.7.0_25-b17), built on Jun 21 2013 12:58:32 by "java_re" with unknown MS VC++:1600

time: Thu Sep 05 22:40:12 2013
elapsed time: 167 seconds

